Mon Jul 10 22:35:16 CST 2017 Thread[main,5,main] Cleanup action starting
java.sql.SQLException: Database '.' not found.
	at org.apache.derby.impl.jdbc.SQLExceptionFactory.getSQLException(Unknown Source)
	at org.apache.derby.impl.jdbc.SQLExceptionFactory.getSQLException(Unknown Source)
	at org.apache.derby.impl.jdbc.Util.generateCsSQLException(Unknown Source)
	at org.apache.derby.impl.jdbc.Util.generateCsSQLException(Unknown Source)
	at org.apache.derby.impl.jdbc.EmbedConnection.newSQLException(Unknown Source)
	at org.apache.derby.impl.jdbc.EmbedConnection.handleDBNotFound(Unknown Source)
	at org.apache.derby.impl.jdbc.EmbedConnection.<init>(Unknown Source)
	at org.apache.derby.jdbc.InternalDriver.getNewEmbedConnection(Unknown Source)
	at org.apache.derby.jdbc.InternalDriver.connect(Unknown Source)
	at org.apache.derby.jdbc.InternalDriver.connect(Unknown Source)
	at org.apache.derby.jdbc.AutoloadedDriver.connect(Unknown Source)
	at java.sql.DriverManager.getConnection(DriverManager.java:664)
	at java.sql.DriverManager.getConnection(DriverManager.java:208)
	at org.apache.derby.impl.tools.ij.ij.dynamicConnection(Unknown Source)
	at org.apache.derby.impl.tools.ij.ij.ConnectStatement(Unknown Source)
	at org.apache.derby.impl.tools.ij.ij.ijStatement(Unknown Source)
	at org.apache.derby.impl.tools.ij.utilMain.runScriptGuts(Unknown Source)
	at org.apache.derby.impl.tools.ij.utilMain.go(Unknown Source)
	at org.apache.derby.impl.tools.ij.Main.go(Unknown Source)
	at org.apache.derby.impl.tools.ij.Main.mainCore(Unknown Source)
	at org.apache.derby.impl.tools.ij.Main.main(Unknown Source)
	at org.apache.derby.tools.ij.main(Unknown Source)
Caused by: ERROR XJ004: Database '.' not found.
	at org.apache.derby.iapi.error.StandardException.newException(Unknown Source)
	at org.apache.derby.impl.jdbc.SQLExceptionFactory.wrapArgsForTransportAcrossDRDA(Unknown Source)
	... 22 more
============= begin nested exception, level (1) ===========
ERROR XJ004: Database '.' not found.
	at org.apache.derby.iapi.error.StandardException.newException(Unknown Source)
	at org.apache.derby.impl.jdbc.SQLExceptionFactory.wrapArgsForTransportAcrossDRDA(Unknown Source)
	at org.apache.derby.impl.jdbc.SQLExceptionFactory.getSQLException(Unknown Source)
	at org.apache.derby.impl.jdbc.SQLExceptionFactory.getSQLException(Unknown Source)
	at org.apache.derby.impl.jdbc.Util.generateCsSQLException(Unknown Source)
	at org.apache.derby.impl.jdbc.Util.generateCsSQLException(Unknown Source)
	at org.apache.derby.impl.jdbc.EmbedConnection.newSQLException(Unknown Source)
	at org.apache.derby.impl.jdbc.EmbedConnection.handleDBNotFound(Unknown Source)
	at org.apache.derby.impl.jdbc.EmbedConnection.<init>(Unknown Source)
	at org.apache.derby.jdbc.InternalDriver.getNewEmbedConnection(Unknown Source)
	at org.apache.derby.jdbc.InternalDriver.connect(Unknown Source)
	at org.apache.derby.jdbc.InternalDriver.connect(Unknown Source)
	at org.apache.derby.jdbc.AutoloadedDriver.connect(Unknown Source)
	at java.sql.DriverManager.getConnection(DriverManager.java:664)
	at java.sql.DriverManager.getConnection(DriverManager.java:208)
	at org.apache.derby.impl.tools.ij.ij.dynamicConnection(Unknown Source)
	at org.apache.derby.impl.tools.ij.ij.ConnectStatement(Unknown Source)
	at org.apache.derby.impl.tools.ij.ij.ijStatement(Unknown Source)
	at org.apache.derby.impl.tools.ij.utilMain.runScriptGuts(Unknown Source)
	at org.apache.derby.impl.tools.ij.utilMain.go(Unknown Source)
	at org.apache.derby.impl.tools.ij.Main.go(Unknown Source)
	at org.apache.derby.impl.tools.ij.Main.mainCore(Unknown Source)
	at org.apache.derby.impl.tools.ij.Main.main(Unknown Source)
	at org.apache.derby.tools.ij.main(Unknown Source)
============= end nested exception, level (1) ===========
Cleanup action completed
----------------------------------------------------------------
Mon Jul 10 22:35:36 CST 2017:
Booting Derby version The Apache Software Foundation - Apache Derby - 10.11.1.2 - (1629631): instance a816c00e-015d-2cec-fdb2-000000c79df8 
on database directory /opt/guhe/db/guhe with class loader sun.misc.Launcher$AppClassLoader@6f94fa3e 
Loaded from file:/usr/lib/jvm/java-8-oracle/db/lib/derby.jar
java.vendor=Oracle Corporation
java.runtime.version=1.8.0_121-b13
user.dir=/opt/guhe/db
os.name=Linux
os.arch=amd64
os.version=4.4.0-72-generic
derby.system.home=null
Database Class Loader started - derby.database.classpath=''
----------------------------------------------------------------
Mon Jul 10 22:38:09 CST 2017: Shutting down Derby engine
----------------------------------------------------------------
Mon Jul 10 22:38:09 CST 2017:
Shutting down instance a816c00e-015d-2cec-fdb2-000000c79df8 on database directory /opt/guhe/db/guhe with class loader sun.misc.Launcher$AppClassLoader@6f94fa3e 
----------------------------------------------------------------
